{
  "RSpec": {
    "coverage": {
      "/Users/grey/dev/text_serializer/spec/serializers/big_five_results_text_serializer_spec.rb": [
        null,
        null,
        1,
        1,
        6,
        null,
        null,
        1,
        6,
        null,
        null,
        1,
        1,
        1,
        5,
        null,
        null,
        1,
        1,
        null,
        null,
        1,
        1,
        null,
        null,
        1,
        1,
        null,
        null,
        1,
        1,
        null,
        null,
        1,
        1,
        null,
        null,
        null,
        null,
        1,
        1,
        1,
        1,
        null,
        null,
        1,
        1,
        1,
        1,
        1,
        null,
        null,
        1,
        1,
        null,
        null,
        null,
        null
      ],
      "/Users/grey/dev/text_serializer/spec/services/big_five_results_poster_spec.rb": [
        null,
        null,
        1,
        1,
        3,
        null,
        null,
        null,
        null,
        null,
        1,
        0,
        null,
        null,
        null,
        null,
        null,
        1,
        1,
        1,
        1,
        null,
        null,
        1,
        1,
        null,
        null,
        1,
        1,
        1,
        null,
        null,
        null,
        1,
        1,
        3,
        null,
        null,
        1,
        3,
        null,
        null,
        2,
        2,
        2,
        null,
        null,
        null,
        1,
        1,
        1,
        1,
        null,
        null,
        null,
        null
      ],
      "/Users/grey/dev/text_serializer/helpers/regex_helpers.rb": [
        null,
        null,
        0,
        null,
        0,
        0,
        null,
        0,
        0,
        null,
        0,
        0,
        0,
        null,
        null,
        0,
        0,
        0,
        0,
        null,
        null,
        null,
        0,
        0,
        0,
        0,
        0,
        0,
        0,
        0
      ],
      "/Users/grey/dev/text_serializer/serializers/bigfive_results_text_serializer.rb": [
        null,
        null,
        0,
        null,
        null,
        0,
        0,
        0,
        0,
        0,
        0,
        0,
        0,
        null,
        0,
        0,
        null,
        0,
        0,
        0,
        0,
        0,
        0,
        null,
        0,
        null,
        0,
        0,
        0,
        null,
        0,
        0,
        0,
        0,
        0,
        0,
        0,
        null,
        0,
        0,
        null,
        0,
        0,
        null,
        0,
        0,
        0,
        0,
        0,
        null,
        0,
        0,
        0
      ],
      "/Users/grey/dev/text_serializer/services/big_five_results_poster.rb": [
        null,
        null,
        0,
        null,
        null,
        null,
        0,
        0,
        0,
        null,
        0,
        0,
        null,
        null,
        null,
        null,
        null,
        0,
        0,
        0,
        0,
        0,
        0
      ]
    },
    "timestamp": 1558444471
  }
}
